2025-02-27 12:50:11,072 - app.api.user_api - ERROR - 登录时出现错误: (psycopg2.OperationalError) connection to server at "localhost" (::1), port 8080 failed: Connection refused (0x0000274D/10061)
	Is the server running on that host and accepting TCP/IP connections?
connection to server at "localhost" (127.0.0.1), port 8080 failed: Connection refused (0x0000274D/10061)
	Is the server running on that host and accepting TCP/IP connections?

(Background on this error at: https://sqlalche.me/e/20/e3q8)
2025-02-27 12:52:51,337 - app.api.user_api - ERROR - 登录时出现错误: (psycopg2.OperationalError) connection to server at "localhost" (::1), port 3306 failed: received invalid response to SSL negotiation: J

(Background on this error at: https://sqlalche.me/e/20/e3q8)
2025-02-27 12:59:45,502 - app.api.user_api - ERROR - 登录时出现错误: (psycopg2.OperationalError) connection to server at "localhost" (::1), port 3306 failed: received invalid response to SSL negotiation: J

(Background on this error at: https://sqlalche.me/e/20/e3q8)
2025-02-27 13:00:08,197 - app.api.user_api - ERROR - 登录时出现错误: (psycopg2.OperationalError) connection to server at "localhost" (::1), port 3306 failed: received invalid response to SSL negotiation: J

(Background on this error at: https://sqlalche.me/e/20/e3q8)
2025-02-27 13:03:12,289 - app.api.user_api - ERROR - 登录时出现错误: (psycopg2.OperationalError) connection to server at "localhost" (::1), port 3306 failed: received invalid response to SSL negotiation: J

(Background on this error at: https://sqlalche.me/e/20/e3q8)
2025-02-27 13:06:22,148 - app.api.user_api - ERROR - 登录时出现错误: (psycopg2.OperationalError) connection to server at "localhost" (::1), port 3306 failed: received invalid response to SSL negotiation: J

(Background on this error at: https://sqlalche.me/e/20/e3q8)
2025-02-27 13:11:17,483 - app.api.user_api - ERROR - 登录时出现错误: (psycopg2.OperationalError) connection to server at "localhost" (::1), port 3306 failed: received invalid response to SSL negotiation: J

(Background on this error at: https://sqlalche.me/e/20/e3q8)
2025-02-27 13:11:35,073 - app.api.user_api - ERROR - 登录时出现错误: (psycopg2.OperationalError) connection to server at "localhost" (::1), port 3306 failed: received invalid response to SSL negotiation: J

(Background on this error at: https://sqlalche.me/e/20/e3q8)
2025-02-27 13:27:57,059 - app.api.user_api - ERROR - 登录时出现错误: When initializing mapper Mapper[MonitorLink(monitor_link)], expression 'AppInfo' failed to locate a name ('AppInfo'). If this is a class name, consider adding this relationship() to the <class 'app.models.monitor_link.MonitorLink'> class after both dependent classes have been defined.
2025-02-27 13:33:36,629 - app.api.user_api - ERROR - 登录时出现错误: When initializing mapper Mapper[MonitorLink(monitor_link)], expression 'AppInfo' failed to locate a name ('AppInfo'). If this is a class name, consider adding this relationship() to the <class 'app.models.monitor_link.MonitorLink'> class after both dependent classes have been defined.
2025-02-27 13:42:40,798 - app.api.user_api - ERROR - 登录时出现错误: When initializing mapper Mapper[MonitorLink(monitor_link)], expression 'AppInfo' failed to locate a name ('AppInfo'). If this is a class name, consider adding this relationship() to the <class 'app.models.monitor_link.MonitorLink'> class after both dependent classes have been defined.
